2024-03-02 19:16:11,378 - INFO - starting app
2024-03-02 19:16:15,926 - INFO - starting app
2024-03-02 19:16:25,871 - INFO - starting app
2024-03-02 19:18:46,833 - INFO - starting app
2024-03-02 19:19:14,191 - INFO - Starting ................
2024-03-02 19:19:14,196 - INFO - ended.
2024-03-02 19:19:28,446 - INFO - starting app
2024-03-02 19:19:30,576 - INFO - starting app
2024-03-02 19:19:36,861 - INFO - starting app
2024-03-02 19:19:43,197 - INFO - starting app
2024-03-02 19:19:45,903 - INFO - Starting ................
2024-03-02 19:19:45,906 - INFO - ended. process_time: 0.0024340152740478516
2024-03-02 19:20:15,078 - INFO - starting app
2024-03-02 19:20:30,307 - INFO - starting app
2024-03-02 19:20:35,664 - INFO - starting app
2024-03-02 19:20:37,714 - INFO - starting app
2024-03-02 19:20:39,891 - INFO - starting app
2024-03-02 19:20:47,219 - INFO - starting app
2024-03-02 19:20:53,804 - INFO - starting app
2024-03-02 19:21:08,017 - INFO - starting app
2024-03-02 19:21:26,439 - INFO - Starting ................
2024-03-02 19:21:26,445 - INFO - ended. process_time: 0.005656003952026367
2024-03-02 19:21:32,982 - INFO - Starting ................
2024-03-02 19:21:32,997 - WARNING - Product is no more available
2024-03-02 19:21:33,000 - INFO - ended. process_time: 0.016301870346069336
2024-03-02 19:23:50,654 - INFO - starting app
2024-03-02 19:24:23,889 - INFO - starting app
2024-03-02 19:24:34,789 - INFO - starting app
2024-03-06 18:09:26,295 - INFO - starting app
2024-03-06 18:09:57,432 - INFO - Starting ................
2024-03-06 18:09:57,436 - INFO - ended. process_time: 0.002228975296020508
2024-03-06 18:09:57,441 - INFO - Starting ................
2024-03-06 18:09:57,443 - INFO - ended. process_time: 0.001461029052734375
2024-03-06 18:09:58,387 - INFO - Starting ................
2024-03-06 18:09:58,405 - INFO - ended. process_time: 0.017193317413330078
2024-03-06 18:10:06,267 - INFO - Starting ................
2024-03-06 18:10:06,277 - INFO - ended. process_time: 0.009024858474731445
2024-03-06 18:10:38,758 - INFO - Starting ................
2024-03-06 18:10:38,770 - ERROR - An error occurred while processing
2024-03-06 18:12:00,923 - INFO - starting app
2024-03-06 18:12:03,093 - INFO - starting app
2024-03-06 18:12:23,765 - INFO - Starting ................
2024-03-06 18:12:23,770 - INFO - ended. process_time: 0.00460505485534668
2024-03-06 18:12:26,434 - INFO - Starting ................
2024-03-06 18:12:26,436 - ERROR - An error occurred while processing
2024-03-06 18:12:38,696 - INFO - starting app
2024-03-06 18:12:39,746 - INFO - Starting ................
2024-03-06 18:12:39,749 - INFO - ended. process_time: 0.0029571056365966797
2024-03-06 18:12:40,271 - INFO - Starting ................
2024-03-06 18:12:40,272 - ERROR - An error occurred while processing
2024-03-06 18:17:01,115 - INFO - starting app
2024-03-06 18:17:05,185 - INFO - starting app
2024-03-06 18:17:09,985 - INFO - starting app
2024-03-06 18:17:11,056 - INFO - starting app
2024-03-06 18:18:13,007 - INFO - starting app
2024-03-06 18:18:32,206 - INFO - starting app
2024-03-06 18:18:33,866 - INFO - starting app
2024-03-06 18:18:39,865 - INFO - starting app
2024-03-06 18:18:43,462 - INFO - starting app
2024-03-06 18:18:47,534 - INFO - starting app
2024-03-06 18:18:57,438 - INFO - starting app
2024-03-06 18:19:06,476 - INFO - starting app
2024-03-06 18:19:08,784 - INFO - Starting ................
2024-03-06 18:19:08,793 - INFO - ended. process_time: 0.007317066192626953
2024-03-06 18:19:10,522 - INFO - Starting ................
2024-03-06 18:19:10,525 - ERROR - An error occurred while processing
2024-03-06 18:22:31,064 - INFO - starting app
2024-03-06 18:22:34,177 - INFO - starting app
2024-03-06 18:22:37,594 - INFO - starting app
2024-03-06 18:23:18,108 - INFO - starting app
2024-03-06 18:24:11,576 - INFO - starting app
2024-03-06 18:24:12,796 - INFO - starting app
2024-03-06 18:24:15,812 - INFO - Starting ................
2024-03-06 18:24:15,814 - ERROR - An error occurred while processing
2024-03-06 18:24:16,915 - INFO - Starting ................
2024-03-06 18:24:16,917 - ERROR - An error occurred while processing
2024-03-06 18:24:52,731 - INFO - starting app
2024-03-06 18:25:05,424 - INFO - starting app
2024-03-06 18:25:06,877 - INFO - starting app
2024-03-06 18:25:09,020 - INFO - starting app
2024-03-06 18:25:12,353 - INFO - starting app
2024-03-06 18:25:22,153 - INFO - starting app
2024-03-06 18:25:27,902 - INFO - Starting ................
2024-03-06 18:25:27,905 - INFO - ended. process_time: 0.003323793411254883
2024-03-06 18:25:28,843 - INFO - Starting ................
2024-03-06 18:25:28,844 - ERROR - An error occurred while processing
2024-03-06 18:25:29,946 - INFO - Starting ................
2024-03-06 18:25:29,947 - ERROR - An error occurred while processing
2024-03-06 18:26:03,493 - INFO - starting app
2024-03-06 18:26:47,256 - INFO - starting app
2024-03-06 18:26:52,446 - INFO - starting app
2024-03-06 18:26:53,766 - INFO - starting app
2024-03-06 18:26:55,600 - INFO - starting app
2024-03-06 18:27:04,349 - INFO - Starting ................
2024-03-06 18:27:04,355 - INFO - ended. process_time: 0.004580020904541016
2024-03-06 18:27:05,264 - INFO - Starting ................
2024-03-06 18:27:05,265 - ERROR - An error occurred while processing
2024-03-06 18:27:06,192 - INFO - Starting ................
2024-03-06 18:27:06,193 - ERROR - An error occurred while processing
2024-03-06 18:27:37,632 - INFO - starting app
2024-03-06 18:27:42,012 - INFO - Starting ................
2024-03-06 18:27:42,028 - INFO - ended. process_time: 0.015030145645141602
2024-03-06 18:27:42,695 - INFO - Starting ................
2024-03-06 18:27:42,696 - ERROR - An error occurred while processing
2024-03-06 18:30:31,616 - INFO - starting app
2024-03-06 18:30:35,447 - INFO - starting app
2024-03-06 18:30:37,386 - INFO - starting app
2024-03-06 18:30:41,191 - INFO - Starting ................
2024-03-06 18:30:41,196 - INFO - ended. process_time: 0.004773139953613281
2024-03-06 18:30:42,013 - INFO - Starting ................
2024-03-06 18:30:42,014 - ERROR - An error occurred while processing
2024-03-06 18:31:10,531 - INFO - starting app
2024-03-06 18:31:12,619 - INFO - starting app
2024-03-06 18:31:15,232 - INFO - starting app
2024-03-06 18:31:17,164 - INFO - starting app
2024-03-06 18:31:19,323 - INFO - starting app
2024-03-06 18:31:21,619 - INFO - starting app
2024-03-06 18:31:25,947 - INFO - Starting ................
2024-03-06 18:31:25,956 - INFO - ended. process_time: 0.008577108383178711
2024-03-06 18:31:27,319 - INFO - Starting ................
2024-03-06 18:31:27,324 - ERROR - An error occurred while processing
2024-03-06 18:32:59,658 - INFO - starting app
2024-03-06 18:33:07,336 - INFO - starting app
2024-03-06 18:33:10,991 - INFO - starting app
2024-03-06 18:33:15,085 - INFO - starting app
2024-03-06 18:33:18,066 - INFO - starting app
2024-03-06 18:33:23,934 - INFO - Starting ................
2024-03-06 18:33:23,937 - INFO - ended. process_time: 0.0023851394653320312
2024-03-06 18:33:24,952 - INFO - Starting ................
2024-03-06 18:33:24,953 - INFO - ended. process_time: 0.0008842945098876953
2024-03-06 18:33:25,402 - INFO - Starting ................
2024-03-06 18:33:25,403 - INFO - ended. process_time: 0.001065969467163086
2024-03-06 18:33:25,579 - INFO - Starting ................
2024-03-06 18:33:25,580 - INFO - ended. process_time: 0.0012450218200683594
2024-03-06 18:33:25,964 - INFO - Starting ................
2024-03-06 18:33:25,966 - INFO - ended. process_time: 0.0009338855743408203
2024-03-06 18:35:14,085 - INFO - starting app
2024-03-06 18:35:15,197 - INFO - starting app
2024-03-06 18:39:56,013 - INFO - starting app
2024-03-06 18:40:01,224 - INFO - starting app
2024-03-06 18:40:04,486 - INFO - starting app
2024-03-06 18:40:09,663 - INFO - starting app
2024-03-06 18:40:14,368 - INFO - starting app
2024-03-06 18:40:19,974 - INFO - starting app
2024-03-06 18:40:24,558 - INFO - starting app
2024-03-06 18:40:33,377 - INFO - starting app
2024-03-06 18:40:39,154 - INFO - Starting ................
2024-03-06 18:40:39,159 - INFO - ended. process_time: 0.002850055694580078
2024-03-06 18:40:40,149 - INFO - Starting ................
2024-03-06 18:40:40,151 - INFO - ended. process_time: 0.0010747909545898438
2024-03-06 18:40:40,754 - INFO - Starting ................
2024-03-06 18:40:40,757 - INFO - ended. process_time: 0.002474069595336914
2024-03-06 18:40:41,484 - INFO - Starting ................
2024-03-06 18:40:41,485 - INFO - ended. process_time: 0.0008759498596191406
2024-03-06 18:40:42,347 - INFO - Starting ................
2024-03-06 18:40:42,348 - INFO - ended. process_time: 0.0013439655303955078
2024-03-06 18:40:49,273 - INFO - starting app
2024-03-06 18:40:50,732 - INFO - starting app
2024-03-06 18:40:51,727 - INFO - Starting ................
2024-03-06 18:40:51,736 - INFO - ended. process_time: 0.008332252502441406
2024-03-06 18:40:53,135 - INFO - Starting ................
2024-03-06 18:40:53,150 - INFO - ended. process_time: 0.013981342315673828
2024-03-06 18:40:53,840 - INFO - Starting ................
2024-03-06 18:40:53,842 - INFO - ended. process_time: 0.0016391277313232422
2024-03-06 18:40:54,384 - INFO - Starting ................
2024-03-06 18:40:54,385 - INFO - ended. process_time: 0.0014209747314453125
2024-03-06 18:40:54,794 - INFO - Starting ................
2024-03-06 18:40:54,796 - INFO - ended. process_time: 0.0013148784637451172
2024-03-06 18:40:55,248 - INFO - Starting ................
2024-03-06 18:40:55,249 - INFO - ended. process_time: 0.0011162757873535156
2024-03-06 18:40:55,706 - INFO - Starting ................
2024-03-06 18:40:55,708 - INFO - ended. process_time: 0.0012581348419189453
2024-03-06 18:40:56,262 - INFO - Starting ................
2024-03-06 18:40:56,263 - INFO - ended. process_time: 0.0011589527130126953
2024-03-06 18:41:08,258 - INFO - starting app
2024-03-06 18:41:10,588 - INFO - Starting ................
2024-03-06 18:41:10,594 - INFO - ended. process_time: 0.005263805389404297
2024-03-06 18:41:11,381 - INFO - Starting ................
2024-03-06 18:41:11,382 - INFO - ended. process_time: 0.001220703125
2024-03-06 18:41:11,964 - INFO - Starting ................
2024-03-06 18:41:11,965 - INFO - ended. process_time: 0.0014662742614746094
2024-03-06 18:56:22,061 - INFO - starting app
2024-03-06 19:02:04,545 - INFO - starting app
2024-03-06 19:02:40,951 - INFO - starting app
2024-03-06 19:02:45,026 - INFO - starting app
2024-03-06 19:17:07,251 - INFO - starting app
2024-03-06 19:17:08,381 - INFO - starting app
2024-03-06 19:17:11,856 - INFO - starting app
2024-03-06 19:17:28,534 - INFO - starting app
2024-03-06 19:18:02,196 - INFO - starting app
2024-03-06 19:18:05,548 - INFO - starting app
2024-03-11 01:20:46,842 - INFO - starting app
2024-03-11 01:20:56,628 - INFO - Starting ................
2024-03-11 01:20:56,632 - INFO - ended. process_time: 0.0015592575073242188
2024-03-11 01:20:57,018 - INFO - Starting ................
2024-03-11 01:20:57,055 - INFO - ended. process_time: 0.036182403564453125
2024-03-11 01:22:22,334 - INFO - Starting ................
2024-03-11 01:22:22,340 - INFO - ended. process_time: 0.004848480224609375
2024-03-11 01:22:39,195 - INFO - Starting ................
2024-03-11 01:22:39,200 - INFO - ended. process_time: 0.004002809524536133
2024-03-11 01:42:19,825 - INFO - starting app
2024-03-11 01:42:26,594 - INFO - Starting ................
2024-03-11 01:42:26,597 - INFO - ended. process_time: 0.0010063648223876953
2024-03-11 01:42:26,947 - INFO - Starting ................
2024-03-11 01:42:26,974 - INFO - ended. process_time: 0.02500152587890625
2024-03-11 01:42:44,339 - INFO - Starting ................
2024-03-11 01:42:44,346 - INFO - ended. process_time: 0.006539583206176758
2024-03-11 01:43:59,265 - INFO - starting app
2024-03-11 01:52:12,813 - INFO - starting app
2024-03-11 01:52:25,223 - INFO - Starting ................
2024-03-11 01:52:25,226 - INFO - ended. process_time: 0.0015380382537841797
2024-03-11 01:52:25,615 - INFO - Starting ................
2024-03-11 01:52:25,640 - INFO - ended. process_time: 0.024004220962524414
2024-03-11 01:53:06,860 - INFO - Starting ................
2024-03-11 01:53:06,868 - ERROR - An error occurred while processing
2024-03-11 01:53:38,516 - INFO - starting app
2024-03-11 01:53:39,043 - INFO - Starting ................
2024-03-11 01:53:39,048 - INFO - ended. process_time: 0.0030040740966796875
2024-03-11 01:53:39,449 - INFO - Starting ................
2024-03-11 01:53:39,473 - INFO - ended. process_time: 0.023000478744506836
2024-03-11 01:53:49,711 - INFO - starting app
2024-03-11 01:56:34,090 - INFO - starting app
2024-03-11 01:57:12,734 - INFO - starting app
2024-03-11 01:58:45,897 - INFO - starting app
2024-03-11 01:58:57,325 - INFO - Starting ................
2024-03-11 01:58:57,328 - INFO - ended. process_time: 0.001848459243774414
2024-03-11 01:58:57,756 - INFO - Starting ................
2024-03-11 01:58:57,793 - INFO - ended. process_time: 0.03584408760070801
2024-03-11 01:59:08,874 - INFO - Starting ................
2024-03-11 01:59:08,884 - ERROR - An error occurred while processing
2024-03-11 02:02:51,069 - INFO - starting app
2024-03-11 02:05:20,387 - INFO - starting app
2024-03-11 02:05:27,850 - INFO - Starting ................
2024-03-11 02:05:27,856 - INFO - ended. process_time: 0.0020020008087158203
2024-03-11 02:05:28,325 - INFO - Starting ................
2024-03-11 02:05:28,354 - INFO - ended. process_time: 0.028634309768676758
2024-03-11 02:05:38,088 - INFO - Starting ................
2024-03-11 02:05:38,153 - ERROR - An error occurred while processing
2024-03-11 02:07:05,642 - INFO - Starting ................
2024-03-11 02:07:05,646 - INFO - ended. process_time: 0.003113269805908203
2024-03-11 02:10:24,257 - INFO - starting app
2024-03-11 02:10:30,542 - INFO - Starting ................
2024-03-11 02:10:30,545 - INFO - ended. process_time: 0.0013735294342041016
2024-03-11 02:10:30,866 - INFO - Starting ................
2024-03-11 02:10:30,892 - INFO - ended. process_time: 0.02500319480895996
2024-03-11 02:10:39,405 - INFO - Starting ................
2024-03-11 02:10:39,418 - ERROR - An error occurred while processing
2024-03-11 02:11:16,731 - INFO - starting app
2024-03-11 02:11:38,949 - INFO - starting app
2024-03-11 02:11:46,868 - INFO - Starting ................
2024-03-11 02:11:46,870 - INFO - ended. process_time: 0.0010118484497070312
2024-03-11 02:11:47,221 - INFO - Starting ................
2024-03-11 02:11:47,245 - INFO - ended. process_time: 0.021912336349487305
2024-03-11 02:11:54,263 - INFO - Starting ................
2024-03-11 02:11:54,278 - INFO - ended. process_time: 0.013042926788330078
2024-03-11 02:12:23,680 - INFO - starting app
2024-03-11 02:25:20,325 - INFO - starting app
2024-03-11 02:25:21,731 - INFO - Starting ................
2024-03-11 02:25:21,734 - INFO - ended. process_time: 0.00186920166015625
2024-03-11 02:25:22,348 - INFO - Starting ................
2024-03-11 02:25:22,389 - INFO - ended. process_time: 0.039887428283691406
2024-03-11 02:31:36,550 - INFO - starting app
2024-03-11 02:31:41,761 - INFO - Starting ................
2024-03-11 02:31:41,765 - INFO - ended. process_time: 0.0029973983764648438
2024-03-11 02:31:42,221 - INFO - Starting ................
2024-03-11 02:31:42,258 - INFO - ended. process_time: 0.03699994087219238
2024-03-11 02:32:53,765 - INFO - Starting ................
2024-03-11 02:32:53,775 - ERROR - An error occurred while processing
2024-03-11 02:34:52,179 - INFO - Starting ................
2024-03-11 02:34:52,182 - INFO - ended. process_time: 0.0019674301147460938
2024-03-11 02:39:45,255 - INFO - Starting ................
2024-03-11 02:39:45,257 - INFO - ended. process_time: 0.001068115234375
2024-03-11 02:39:45,686 - INFO - Starting ................
2024-03-11 02:39:45,690 - INFO - ended. process_time: 0.0019943714141845703
2024-03-11 02:39:56,228 - INFO - Starting ................
2024-03-11 02:39:56,234 - INFO - ended. process_time: 0.00486302375793457
2024-03-11 02:42:45,493 - INFO - starting app
2024-03-11 02:42:45,603 - INFO - Starting ................
2024-03-11 02:42:45,605 - INFO - ended. process_time: 0.0013813972473144531
2024-03-11 02:42:45,876 - INFO - Starting ................
2024-03-11 02:42:45,911 - INFO - ended. process_time: 0.03395652770996094
2024-03-11 02:42:51,767 - INFO - Starting ................
2024-03-11 02:42:51,776 - INFO - ended. process_time: 0.00847482681274414
2024-03-11 02:43:04,619 - INFO - starting app
2024-03-11 02:46:03,228 - INFO - starting app
2024-03-11 02:57:14,799 - INFO - starting app
2024-03-11 02:57:22,808 - INFO - Starting ................
2024-03-11 02:57:22,810 - INFO - ended. process_time: 0.0010020732879638672
2024-03-11 02:57:23,229 - INFO - Starting ................
2024-03-11 02:57:23,256 - INFO - ended. process_time: 0.026028156280517578
2024-03-11 02:59:03,328 - INFO - starting app
2024-03-11 02:59:12,549 - INFO - Starting ................
2024-03-11 02:59:12,551 - INFO - ended. process_time: 0.000997781753540039
2024-03-11 02:59:12,686 - INFO - Starting ................
2024-03-11 02:59:12,702 - INFO - ended. process_time: 0.016004085540771484
2024-03-11 03:00:34,961 - INFO - Starting ................
2024-03-11 03:00:34,963 - INFO - ended. process_time: 0.0010304450988769531
2024-03-11 03:00:35,116 - INFO - Starting ................
2024-03-11 03:00:35,118 - INFO - ended. process_time: 0.0009930133819580078
2024-03-11 03:05:02,032 - INFO - starting app
2024-03-11 03:05:06,689 - INFO - Starting ................
2024-03-11 03:05:06,691 - INFO - ended. process_time: 0.0010449886322021484
2024-03-11 03:05:06,869 - INFO - Starting ................
2024-03-11 03:05:06,887 - INFO - ended. process_time: 0.018000125885009766
2024-03-11 03:05:15,148 - INFO - Starting ................
2024-03-11 03:05:15,177 - INFO - ended. process_time: 0.02900099754333496
2024-03-11 03:06:30,912 - INFO - Starting ................
2024-03-11 03:06:30,916 - ERROR - An error occurred while processing
2024-03-11 03:08:17,831 - INFO - Starting ................
2024-03-11 03:08:17,833 - INFO - ended. process_time: 0.0009989738464355469
2024-03-11 03:08:18,128 - INFO - Starting ................
2024-03-11 03:08:18,130 - INFO - ended. process_time: 0.0010006427764892578
2024-03-11 03:08:58,413 - INFO - starting app
2024-03-11 03:09:02,701 - INFO - Starting ................
2024-03-11 03:09:02,704 - INFO - ended. process_time: 0.0020279884338378906
2024-03-11 03:09:02,956 - INFO - Starting ................
2024-03-11 03:09:02,981 - INFO - ended. process_time: 0.0240023136138916
2024-03-11 03:14:44,920 - INFO - starting app
2024-03-11 03:14:49,830 - INFO - Starting ................
2024-03-11 03:14:49,832 - INFO - ended. process_time: 0.00099945068359375
2024-03-11 03:14:50,045 - INFO - Starting ................
2024-03-11 03:14:50,069 - INFO - ended. process_time: 0.02399611473083496
2024-03-11 03:15:28,474 - INFO - Starting ................
2024-03-11 03:15:28,476 - INFO - ended. process_time: 0.0010066032409667969
2024-03-11 03:21:22,593 - INFO - Starting ................
2024-03-11 03:21:22,596 - INFO - ended. process_time: 0.0010013580322265625
2024-03-11 03:21:22,814 - INFO - Starting ................
2024-03-11 03:21:22,816 - INFO - ended. process_time: 0.0010006427764892578
2024-03-11 03:21:42,700 - INFO - Starting ................
2024-03-11 03:21:42,714 - ERROR - An error occurred while processing
2024-03-11 03:25:29,881 - INFO - starting app
2024-03-11 03:25:36,452 - INFO - Starting ................
2024-03-11 03:25:36,454 - INFO - ended. process_time: 0.0009891986846923828
2024-03-11 03:25:36,650 - INFO - Starting ................
2024-03-11 03:25:36,670 - INFO - ended. process_time: 0.019001483917236328
2024-03-11 03:25:49,993 - INFO - Starting ................
2024-03-11 03:25:49,997 - INFO - ended. process_time: 0.003996133804321289
